<?xml version="1.0" encoding="UTF-8"?>
<!-- Generated by org.testng.reporters.JUnitXMLReporter -->
<testsuite hostname="ATMECSINLT-085" ignored="0" name="Test validate CHROMEcom.atmecs.assesment_dbmanagement.testscripts.TestVerifyHeatClinic" tests="1" failures="0" timestamp="14 Nov 2019 14:32:46 GMT" time="35.266" errors="0">
  <testcase name="verifyHeatClinic" time="14.837" classname="com.atmecs.assesment_dbmanagement.testscripts.TestVerifyHeatClinic"/>
</testsuite> <!-- Test validate CHROMEcom.atmecs.assesment_dbmanagement.testscripts.TestVerifyHeatClinic -->
