<?xml version="1.0" encoding="UTF-8"?>
<!-- Generated by org.testng.reporters.JUnitXMLReporter -->
<testsuite hostname="ATMECSINLT-085" ignored="0" name="Test validate IEcom.atmecs.assesment_dbmanagement.testscripts.TestVerifyNinjaStore" tests="1" failures="0" timestamp="14 Nov 2019 14:15:33 GMT" time="97.023" errors="0">
  <testcase name="verifyNinjaStore" time="75.257" classname="com.atmecs.assesment_dbmanagement.testscripts.TestVerifyNinjaStore"/>
</testsuite> <!-- Test validate IEcom.atmecs.assesment_dbmanagement.testscripts.TestVerifyNinjaStore -->
